Determining if the pthread_create exist failed with the following output:
Change Dir: /home/ubuntu/Desktop/vis2017/testing_area/openCV_Experimental/3.video/build/CMakeFiles/CMakeTmp

Run Build Command:"/usr/bin/make" "cmTC_0ac01/fast"
/usr/bin/make -f CMakeFiles/cmTC_0ac01.dir/build.make CMakeFiles/cmTC_0ac01.dir/build
make[1]: Entering directory '/home/ubuntu/Desktop/vis2017/testing_area/openCV_Experimental/3.video/build/CMakeFiles/CMakeTmp'
Building C object CMakeFiles/cmTC_0ac01.dir/CheckSymbolExists.c.o
/usr/bin/cc    -fPIC    -o CMakeFiles/cmTC_0ac01.dir/CheckSymbolExists.c.o   -c /home/ubuntu/Desktop/vis2017/testing_area/openCV_Experimental/3.video/build/CMakeFiles/CMakeTmp/CheckSymbolExists.c
Linking C executable cmTC_0ac01
/usr/bin/cmake -E cmake_link_script CMakeFiles/cmTC_0ac01.dir/link.txt --verbose=1
/usr/bin/cc  -fPIC     CMakeFiles/cmTC_0ac01.dir/CheckSymbolExists.c.o  -o cmTC_0ac01 -rdynamic 
CMakeFiles/cmTC_0ac01.dir/CheckSymbolExists.c.o: In function `main':
CheckSymbolExists.c:(.text+0x14): undefined reference to `pthread_create'
CheckSymbolExists.c:(.text+0x18): undefined reference to `pthread_create'
collect2: error: ld returned 1 exit status
CMakeFiles/cmTC_0ac01.dir/build.make:97: recipe for target 'cmTC_0ac01' failed
make[1]: *** [cmTC_0ac01] Error 1
make[1]: Leaving directory '/home/ubuntu/Desktop/vis2017/testing_area/openCV_Experimental/3.video/build/CMakeFiles/CMakeTmp'
Makefile:126: recipe for target 'cmTC_0ac01/fast' failed
make: *** [cmTC_0ac01/fast] Error 2

File /home/ubuntu/Desktop/vis2017/testing_area/openCV_Experimental/3.video/build/CMakeFiles/CMakeTmp/CheckSymbolExists.c:
/* */
#include <pthread.h>

int main(int argc, char** argv)
{
  (void)argv;
#ifndef pthread_create
  return ((int*)(&pthread_create))[argc];
#else
  (void)argc;
  return 0;
#endif
}

Determining if the function pthread_create exists in the pthreads failed with the following output:
Change Dir: /home/ubuntu/Desktop/vis2017/testing_area/openCV_Experimental/3.video/build/CMakeFiles/CMakeTmp

Run Build Command:"/usr/bin/make" "cmTC_9eda9/fast"
/usr/bin/make -f CMakeFiles/cmTC_9eda9.dir/build.make CMakeFiles/cmTC_9eda9.dir/build
make[1]: Entering directory '/home/ubuntu/Desktop/vis2017/testing_area/openCV_Experimental/3.video/build/CMakeFiles/CMakeTmp'
Building C object CMakeFiles/cmTC_9eda9.dir/CheckFunctionExists.c.o
/usr/bin/cc    -fPIC -DCHECK_FUNCTION_EXISTS=pthread_create   -o CMakeFiles/cmTC_9eda9.dir/CheckFunctionExists.c.o   -c /usr/share/cmake-3.5/Modules/CheckFunctionExists.c
Linking C executable cmTC_9eda9
/usr/bin/cmake -E cmake_link_script CMakeFiles/cmTC_9eda9.dir/link.txt --verbose=1
/usr/bin/cc  -fPIC -DCHECK_FUNCTION_EXISTS=pthread_create    CMakeFiles/cmTC_9eda9.dir/CheckFunctionExists.c.o  -o cmTC_9eda9 -rdynamic -lpthreads 
/usr/bin/ld: cannot find -lpthreads
collect2: error: ld returned 1 exit status
CMakeFiles/cmTC_9eda9.dir/build.make:97: recipe for target 'cmTC_9eda9' failed
make[1]: *** [cmTC_9eda9] Error 1
make[1]: Leaving directory '/home/ubuntu/Desktop/vis2017/testing_area/openCV_Experimental/3.video/build/CMakeFiles/CMakeTmp'
Makefile:126: recipe for target 'cmTC_9eda9/fast' failed
make: *** [cmTC_9eda9/fast] Error 2


