Determining if the pthread_create exist failed with the following output:
Change Dir: /home/ubuntu/Desktop/vis2017/testing_area/build/CMakeFiles/CMakeTmp

Run Build Command:"/usr/bin/make" "cmTC_73e73/fast"
/usr/bin/make -f CMakeFiles/cmTC_73e73.dir/build.make CMakeFiles/cmTC_73e73.dir/build
make[1]: Entering directory '/home/ubuntu/Desktop/vis2017/testing_area/build/CMakeFiles/CMakeTmp'
Building C object CMakeFiles/cmTC_73e73.dir/CheckSymbolExists.c.o
/usr/bin/cc    -fPIC    -o CMakeFiles/cmTC_73e73.dir/CheckSymbolExists.c.o   -c /home/ubuntu/Desktop/vis2017/testing_area/build/CMakeFiles/CMakeTmp/CheckSymbolExists.c
Linking C executable cmTC_73e73
/usr/bin/cmake -E cmake_link_script CMakeFiles/cmTC_73e73.dir/link.txt --verbose=1
/usr/bin/cc  -fPIC     CMakeFiles/cmTC_73e73.dir/CheckSymbolExists.c.o  -o cmTC_73e73 -rdynamic 
CMakeFiles/cmTC_73e73.dir/CheckSymbolExists.c.o: In function `main':
CheckSymbolExists.c:(.text+0x14): undefined reference to `pthread_create'
CheckSymbolExists.c:(.text+0x18): undefined reference to `pthread_create'
collect2: error: ld returned 1 exit status
CMakeFiles/cmTC_73e73.dir/build.make:97: recipe for target 'cmTC_73e73' failed
make[1]: *** [cmTC_73e73] Error 1
make[1]: Leaving directory '/home/ubuntu/Desktop/vis2017/testing_area/build/CMakeFiles/CMakeTmp'
Makefile:126: recipe for target 'cmTC_73e73/fast' failed
make: *** [cmTC_73e73/fast] Error 2

File /home/ubuntu/Desktop/vis2017/testing_area/build/CMakeFiles/CMakeTmp/CheckSymbolExists.c:
/* */
#include <pthread.h>

int main(int argc, char** argv)
{
  (void)argv;
#ifndef pthread_create
  return ((int*)(&pthread_create))[argc];
#else
  (void)argc;
  return 0;
#endif
}

Determining if the function pthread_create exists in the pthreads failed with the following output:
Change Dir: /home/ubuntu/Desktop/vis2017/testing_area/build/CMakeFiles/CMakeTmp

Run Build Command:"/usr/bin/make" "cmTC_7938a/fast"
/usr/bin/make -f CMakeFiles/cmTC_7938a.dir/build.make CMakeFiles/cmTC_7938a.dir/build
make[1]: Entering directory '/home/ubuntu/Desktop/vis2017/testing_area/build/CMakeFiles/CMakeTmp'
Building C object CMakeFiles/cmTC_7938a.dir/CheckFunctionExists.c.o
/usr/bin/cc    -fPIC -DCHECK_FUNCTION_EXISTS=pthread_create   -o CMakeFiles/cmTC_7938a.dir/CheckFunctionExists.c.o   -c /usr/share/cmake-3.5/Modules/CheckFunctionExists.c
Linking C executable cmTC_7938a
/usr/bin/cmake -E cmake_link_script CMakeFiles/cmTC_7938a.dir/link.txt --verbose=1
/usr/bin/cc  -fPIC -DCHECK_FUNCTION_EXISTS=pthread_create    CMakeFiles/cmTC_7938a.dir/CheckFunctionExists.c.o  -o cmTC_7938a -rdynamic -lpthreads 
/usr/bin/ld: cannot find -lpthreads
collect2: error: ld returned 1 exit status
CMakeFiles/cmTC_7938a.dir/build.make:97: recipe for target 'cmTC_7938a' failed
make[1]: *** [cmTC_7938a] Error 1
make[1]: Leaving directory '/home/ubuntu/Desktop/vis2017/testing_area/build/CMakeFiles/CMakeTmp'
Makefile:126: recipe for target 'cmTC_7938a/fast' failed
make: *** [cmTC_7938a/fast] Error 2


